<?xml version="1.0" encoding="UTF-8"?>
<!-- Generated by org.testng.reporters.JUnitReportReporter -->
<testsuite hostname="LAPTOP-S0IS0QVR" failures="0" tests="1" name="ClassRoom_Programs.Alerts" time="3.075" errors="0" timestamp="2023-02-04T11:08:49 IST" skipped="0">
  <testcase classname="ClassRoom_Programs.Alerts" name="f" time="3.075"/>
  <system-out/>
</testsuite> <!-- ClassRoom_Programs.Alerts -->
