<?xml version="1.0" encoding="UTF-8"?>
<!-- Generated by org.testng.reporters.JUnitReportReporter -->
<testsuite hostname="LAPTOP-S0IS0QVR" failures="0" tests="1" name="Programs.FormStudent" time="0.008" errors="0" timestamp="2023-02-03T10:46:28 IST" skipped="0">
  <testcase classname="Programs.FormStudent" name="f" time="0.008"/>
  <system-out/>
</testsuite> <!-- Programs.FormStudent -->
